Arguments: 
  C:\Program Files\nodejs\node.exe C:\Users\kate\AppData\Roaming\npm\node_modules\yarn\bin\yarn.js add --dev nodemon babel-cli babel-preset-env babel-preset-state-3

PATH: 
  C:\Program Files\Git\mingw64\bin;C:\Program Files\Git\usr\bin;C:\Users\kate\bin;C:\Users\kate\bin;C:\Program Files\Git\mingw64\bin;C:\Program Files\Git\usr\local\bin;C:\Program Files\Git\usr\bin;C:\Program Files\Git\usr\bin;C:\Program Files\Git\mingw64\bin;C:\Program Files\Git\usr\bin;C:\Users\kate\bin;C:\ProgramData\Anaconda3;C:\ProgramData\Anaconda3\Library\mingw-w64\bin;C:\ProgramData\Anaconda3\Library\usr\bin;C:\ProgramData\Anaconda3\Library\bin;C:\ProgramData\Anaconda3\Scripts;C:\Program Files\Java\jdk-11.0.8\bin;C:\app\kate\product\18.0.0\dbhomeXE\bin;C:\Program Files (x86)\Intel\Intel(R) Management Engine Components\iCLS;C:\Program Files\Intel\Intel(R) Management Engine Components\iCLS;C:\WINDOWS\system32;C:\WINDOWS;C:\WINDOWS\System32\Wbem;C:\WINDOWS\System32\WindowsPowerShell\v1.0;C:\WINDOWS\System32\OpenSSH;C:\Program Files (x86)\Intel\Intel(R) Management Engine Components\DAL;C:\Program Files\Intel\Intel(R) Management Engine Components\DAL;C:\Program Files\nodejs;C:\Program Files\Git\cmd;C:\Program Files\PuTTY;C:\apache-maven-3.6.1-bin\apache-maven-3.6.1\bin;C:\Program Files\MySQL\MySQL Server 8.0\bin;C:\Program Files\Apache Software Foundation\Tomcat 9.0\bin;C:\Program Files (x86)\Brackets\command;C:\Program Files\MongoDB\Server\4.2\bin;C:\wget-1.20.3-win64;C:\Users\kate\AppData\Roaming\nvm;C:\Program Files\nodejs;C:\Users\kate\AppData\Local\Programs\Python\Python39\Scripts;C:\Users\kate\AppData\Local\Programs\Python\Python39;C:\Program Files\Java\jdk-11.0.8\bin;C:\Users\kate\AppData\Local\Microsoft\WindowsApps;C:\Users\kate\AppData\Roaming\npm;C:\Users\kate\AppData\Local\Programs\Microsoft VS Code\bin;C:\Program Files\Bandizip;C:\Users\kate\AppData\Roaming\nvm;C:\Program Files\nodejs;C:\Program Files\MySQL\bin;C:\Program Files\Git\usr\bin\vendor_perl;C:\Program Files\Git\usr\bin\core_perl

Yarn version: 
  1.17.3

Node version: 
  10.16.0

Platform: 
  win32 x64

Trace: 
  Error: https://registry.yarnpkg.com/babel-preset-state-3: Not found
      at Request.params.callback [as _callback] (C:\Users\kate\AppData\Roaming\npm\node_modules\yarn\lib\cli.js:66830:18)
      at Request.self.callback (C:\Users\kate\AppData\Roaming\npm\node_modules\yarn\lib\cli.js:140464:22)
      at Request.emit (events.js:198:13)
      at Request.<anonymous> (C:\Users\kate\AppData\Roaming\npm\node_modules\yarn\lib\cli.js:141436:10)
      at Request.emit (events.js:198:13)
      at IncomingMessage.<anonymous> (C:\Users\kate\AppData\Roaming\npm\node_modules\yarn\lib\cli.js:141358:12)
      at Object.onceWrapper (events.js:286:20)
      at IncomingMessage.emit (events.js:203:15)
      at endReadableNT (_stream_readable.js:1129:12)
      at process._tickCallback (internal/process/next_tick.js:63:19)

npm manifest: 
  {
    "name": "reservation",
    "version": "1.0.0",
    "description": "",
    "main": "index.html",
    "scripts": {
      "test": "echo \"Error: no test specified\" && exit 1",
      "start": "http-server .",
      "dev": "webpack --mode development",
      "build": "webpack --mode development"
    },
    "devDependencies": {
      "@babel/core": "^7.8.3",
      "@babel/preset-env": "^7.8.3",
      "babel-jest": "^25.1.0",
      "http-server": "^0.12.0",
      "jest": "^24.9.0",
      "webpack": "^5.18.0",
      "webpack-cli": "^4.4.0"
    },
    "author": "",
    "license": "ISC",
    "dependencies": {
      "browserify": "^17.0.0",
      "net": "^1.0.2",
      "redis": "^3.0.2",
      "tls": "0.0.1"
    },
    "type": "module"
  }

yarn manifest: 
  No manifest

Lockfile: 
  No lockfile
